<?xml version="1.0" encoding="UTF-8"?>
<!-- Generated by org.testng.reporters.JUnitReportReporter -->
<testsuite hostname="LAPTOP-GBKDVHB5" failures="0" tests="3" name="tyss.contact.ContactTest" time="0.014" errors="0" timestamp="2021-09-23T15:06:08 IST" skipped="0">
  <testcase classname="tyss.contact.ContactTest" name="deleteContactTest" time="0.001"/>
  <system-out/>
  <testcase classname="tyss.contact.ContactTest" name="cereateContactWithORGTest" time="0.001"/>
  <system-out/>
  <testcase classname="tyss.contact.ContactTest" name="cereateContactTest" time="0.012"/>
  <system-out/>
</testsuite> <!-- tyss.contact.ContactTest -->
