<?xml version="1.0" encoding="UTF-8"?>
<!-- Generated by org.testng.reporters.JUnitReportReporter -->
<testsuite hostname="LAPTOP-GBKDVHB5" failures="0" tests="2" name="tyaa.product.CreateProductTest" time="0.012" errors="0" timestamp="2021-09-23T15:07:07 IST" skipped="0">
  <testcase classname="tyaa.product.CreateProductTest" name="createProductwithInfo" time="0.001"/>
  <system-out/>
  <testcase classname="tyaa.product.CreateProductTest" name="createProduct" time="0.011"/>
  <system-out/>
</testsuite> <!-- tyaa.product.CreateProductTest -->
